
*** Running vivado
    with args -log wallace.vds -m64 -product Vivado -mode batch -messageDb vivado.pb -notrace -source wallace.tcl


****** Vivado v2017.1 (64-bit)
  **** SW Build 1846317 on Fri Apr 14 18:55:03 MDT 2017
  **** IP Build 1846188 on Fri Apr 14 20:52:08 MDT 2017
    ** Copyright 1986-2017 Xilinx, Inc. All Rights Reserved.

source wallace.tcl -notrace
Command: synth_design -top wallace -part xc7a200tfbg676-2
Starting synth_design
Attempting to get a license for feature 'Synthesis' and/or device 'xc7a200t-fbg676'
INFO: [Common 17-349] Got license for feature 'Synthesis' and/or device 'xc7a200t-fbg676'
INFO: Launching helper process for spawning children vivado processes
INFO: Helper process launched with PID 24388 
---------------------------------------------------------------------------------
Starting Synthesize : Time (s): cpu = 00:00:01 ; elapsed = 00:00:02 . Memory (MB): peak = 354.125 ; gain = 88.031
---------------------------------------------------------------------------------
INFO: [Synth 8-638] synthesizing module 'wallace' [D:/Mycode/vivadoCode/wallace_mul/wallace_mul.srcs/sources_1/new/wallace.v:1]
INFO: [Synth 8-638] synthesizing module 'hadd' [D:/Mycode/vivadoCode/wallace_mul/wallace_mul.srcs/sources_1/new/hadd.v:3]
INFO: [Synth 8-256] done synthesizing module 'hadd' (1#1) [D:/Mycode/vivadoCode/wallace_mul/wallace_mul.srcs/sources_1/new/hadd.v:3]
INFO: [Synth 8-638] synthesizing module 'fadd' [D:/Mycode/vivadoCode/wallace_mul/wallace_mul.srcs/sources_1/new/fadd.v:3]
INFO: [Synth 8-256] done synthesizing module 'fadd' (2#1) [D:/Mycode/vivadoCode/wallace_mul/wallace_mul.srcs/sources_1/new/fadd.v:3]
INFO: [Synth 8-256] done synthesizing module 'wallace' (3#1) [D:/Mycode/vivadoCode/wallace_mul/wallace_mul.srcs/sources_1/new/wallace.v:1]
---------------------------------------------------------------------------------
Finished Synthesize : Time (s): cpu = 00:00:01 ; elapsed = 00:00:03 . Memory (MB): peak = 403.832 ; gain = 137.738
---------------------------------------------------------------------------------
---------------------------------------------------------------------------------
Finished Constraint Validation : Time (s): cpu = 00:00:01 ; elapsed = 00:00:03 . Memory (MB): peak = 403.832 ; gain = 137.738
---------------------------------------------------------------------------------
---------------------------------------------------------------------------------
Start Loading Part and Timing Information
---------------------------------------------------------------------------------
Loading part: xc7a200tfbg676-2
---------------------------------------------------------------------------------
Finished Loading Part and Timing Information : Time (s): cpu = 00:00:01 ; elapsed = 00:00:03 . Memory (MB): peak = 403.832 ; gain = 137.738
---------------------------------------------------------------------------------
INFO: [Device 21-403] Loading part xc7a200tfbg676-2
---------------------------------------------------------------------------------
Finished RTL Optimization Phase 2 : Time (s): cpu = 00:00:01 ; elapsed = 00:00:03 . Memory (MB): peak = 403.832 ; gain = 137.738
---------------------------------------------------------------------------------

Report RTL Partitions: 
+-+--------------+------------+----------+
| |RTL Partition |Replication |Instances |
+-+--------------+------------+----------+
+-+--------------+------------+----------+
No constraint files found.
---------------------------------------------------------------------------------
Start RTL Component Statistics 
---------------------------------------------------------------------------------
Detailed RTL Component Info : 
+---Adders : 
	   2 Input     16 Bit       Adders := 1     
	   2 Input      2 Bit       Adders := 15    
	   3 Input      2 Bit       Adders := 38    
---------------------------------------------------------------------------------
Finished RTL Component Statistics 
---------------------------------------------------------------------------------
---------------------------------------------------------------------------------
Start RTL Hierarchical Component Statistics 
---------------------------------------------------------------------------------
Hierarchical RTL Component report 
Module wallace 
Detailed RTL Component Info : 
+---Adders : 
	   2 Input     16 Bit       Adders := 1     
Module hadd 
Detailed RTL Component Info : 
+---Adders : 
	   2 Input      2 Bit       Adders := 1     
Module fadd 
Detailed RTL Component Info : 
+---Adders : 
	   3 Input      2 Bit       Adders := 1     
---------------------------------------------------------------------------------
Finished RTL Hierarchical Component Statistics
---------------------------------------------------------------------------------
---------------------------------------------------------------------------------
Start Part Resource Summary
---------------------------------------------------------------------------------
Part Resources:
DSPs: 740 (col length:100)
BRAMs: 730 (col length: RAMB18 100 RAMB36 50)
---------------------------------------------------------------------------------
Finished Part Resource Summary
---------------------------------------------------------------------------------
No constraint files found.
---------------------------------------------------------------------------------
Start Cross Boundary and Area Optimization
---------------------------------------------------------------------------------
---------------------------------------------------------------------------------
Finished Cross Boundary and Area Optimization : Time (s): cpu = 00:00:02 ; elapsed = 00:00:07 . Memory (MB): peak = 593.070 ; gain = 326.977
---------------------------------------------------------------------------------

Report RTL Partitions: 
+-+--------------+------------+----------+
| |RTL Partition |Replication |Instances |
+-+--------------+------------+----------+
+-+--------------+------------+----------+
No constraint files found.
---------------------------------------------------------------------------------
Start Timing Optimization
---------------------------------------------------------------------------------
---------------------------------------------------------------------------------
Finished Timing Optimization : Time (s): cpu = 00:00:02 ; elapsed = 00:00:07 . Memory (MB): peak = 593.070 ; gain = 326.977
---------------------------------------------------------------------------------

Report RTL Partitions: 
+-+--------------+------------+----------+
| |RTL Partition |Replication |Instances |
+-+--------------+------------+----------+
+-+--------------+------------+----------+
---------------------------------------------------------------------------------
Start Technology Mapping
---------------------------------------------------------------------------------
---------------------------------------------------------------------------------
Finished Technology Mapping : Time (s): cpu = 00:00:02 ; elapsed = 00:00:07 . Memory (MB): peak = 593.070 ; gain = 326.977
---------------------------------------------------------------------------------

Report RTL Partitions: 
+-+--------------+------------+----------+
| |RTL Partition |Replication |Instances |
+-+--------------+------------+----------+
+-+--------------+------------+----------+
---------------------------------------------------------------------------------
Start IO Insertion
---------------------------------------------------------------------------------
---------------------------------------------------------------------------------
Start Flattening Before IO Insertion
---------------------------------------------------------------------------------
---------------------------------------------------------------------------------
Finished Flattening Before IO Insertion
---------------------------------------------------------------------------------
---------------------------------------------------------------------------------
Start Final Netlist Cleanup
---------------------------------------------------------------------------------
---------------------------------------------------------------------------------
Finished Final Netlist Cleanup
---------------------------------------------------------------------------------
---------------------------------------------------------------------------------
Finished IO Insertion : Time (s): cpu = 00:00:02 ; elapsed = 00:00:08 . Memory (MB): peak = 593.070 ; gain = 326.977
---------------------------------------------------------------------------------

Report Check Netlist: 
+------+------------------+-------+---------+-------+------------------+
|      |Item              |Errors |Warnings |Status |Description       |
+------+------------------+-------+---------+-------+------------------+
|1     |multi_driven_nets |      0|        0|Passed |Multi driven nets |
+------+------------------+-------+---------+-------+------------------+
---------------------------------------------------------------------------------
Start Renaming Generated Instances
---------------------------------------------------------------------------------
---------------------------------------------------------------------------------
Finished Renaming Generated Instances : Time (s): cpu = 00:00:02 ; elapsed = 00:00:08 . Memory (MB): peak = 593.070 ; gain = 326.977
---------------------------------------------------------------------------------

Report RTL Partitions: 
+-+--------------+------------+----------+
| |RTL Partition |Replication |Instances |
+-+--------------+------------+----------+
+-+--------------+------------+----------+
---------------------------------------------------------------------------------
Start Rebuilding User Hierarchy
---------------------------------------------------------------------------------
---------------------------------------------------------------------------------
Finished Rebuilding User Hierarchy : Time (s): cpu = 00:00:02 ; elapsed = 00:00:08 . Memory (MB): peak = 593.070 ; gain = 326.977
---------------------------------------------------------------------------------
---------------------------------------------------------------------------------
Start Renaming Generated Ports
---------------------------------------------------------------------------------
---------------------------------------------------------------------------------
Finished Renaming Generated Ports : Time (s): cpu = 00:00:02 ; elapsed = 00:00:08 . Memory (MB): peak = 593.070 ; gain = 326.977
---------------------------------------------------------------------------------
---------------------------------------------------------------------------------
Start Handling Custom Attributes
---------------------------------------------------------------------------------
---------------------------------------------------------------------------------
Finished Handling Custom Attributes : Time (s): cpu = 00:00:02 ; elapsed = 00:00:08 . Memory (MB): peak = 593.070 ; gain = 326.977
---------------------------------------------------------------------------------
---------------------------------------------------------------------------------
Start Renaming Generated Nets
---------------------------------------------------------------------------------
---------------------------------------------------------------------------------
Finished Renaming Generated Nets : Time (s): cpu = 00:00:02 ; elapsed = 00:00:08 . Memory (MB): peak = 593.070 ; gain = 326.977
---------------------------------------------------------------------------------
---------------------------------------------------------------------------------
Start Writing Synthesis Report
---------------------------------------------------------------------------------

Report BlackBoxes: 
+-+--------------+----------+
| |BlackBox name |Instances |
+-+--------------+----------+
+-+--------------+----------+

Report Cell Usage: 
+------+-------+------+
|      |Cell   |Count |
+------+-------+------+
|1     |CARRY4 |     3|
|2     |LUT2   |     7|
|3     |LUT3   |     8|
|4     |LUT4   |    10|
|5     |LUT5   |    21|
|6     |LUT6   |    46|
|7     |IBUF   |    16|
|8     |OBUF   |    16|
+------+-------+------+

Report Instance Areas: 
+------+---------+-------+------+
|      |Instance |Module |Cells |
+------+---------+-------+------+
|1     |top      |       |   127|
+------+---------+-------+------+
---------------------------------------------------------------------------------
Finished Writing Synthesis Report : Time (s): cpu = 00:00:02 ; elapsed = 00:00:08 . Memory (MB): peak = 593.070 ; gain = 326.977
---------------------------------------------------------------------------------
Synthesis finished with 0 errors, 0 critical warnings and 0 warnings.
Synthesis Optimization Runtime : Time (s): cpu = 00:00:02 ; elapsed = 00:00:08 . Memory (MB): peak = 593.070 ; gain = 326.977
Synthesis Optimization Complete : Time (s): cpu = 00:00:02 ; elapsed = 00:00:08 . Memory (MB): peak = 593.070 ; gain = 326.977
INFO: [Project 1-571] Translating synthesized netlist
INFO: [Netlist 29-17] Analyzing 19 Unisim elements for replacement
INFO: [Netlist 29-28] Unisim Transformation completed in 0 CPU seconds
INFO: [Project 1-570] Preparing netlist for logic optimization
INFO: [Opt 31-138] Pushed 0 inverter(s) to 0 load pin(s).
INFO: [Project 1-111] Unisim Transformation Summary:
No Unisim elements were transformed.

14 Infos, 0 Warnings, 0 Critical Warnings and 0 Errors encountered.
synth_design completed successfully
synth_design: Time (s): cpu = 00:00:05 ; elapsed = 00:00:15 . Memory (MB): peak = 692.172 ; gain = 429.711
INFO: [Common 17-1381] The checkpoint 'D:/Mycode/vivadoCode/wallace_mul/wallace_mul.runs/synth_1/wallace.dcp' has been generated.
report_utilization: Time (s): cpu = 00:00:00 ; elapsed = 00:00:00.015 . Memory (MB): peak = 692.172 ; gain = 0.000
INFO: [Common 17-206] Exiting Vivado at Mon Apr 15 22:30:12 2024...
