Unable to capture context for thread 29584 in process 33572, can not generate back trace
Exception at PC 0x00007FFF19DEBB93
Printing stacktrace...

Unable to capture context for thread 2388 in process 33572, can not generate back trace
Unable to capture context for thread 19668 in process 33572, can not generate back trace
Unable to capture context for thread 3556 in process 33572, can not generate back trace
Exception at PC 0x00007FFFFDB953AC
Exception at PC 0x00007FFFFDB953AC
Exception at PC 0x00007FFFFDB953AC
Exception at PC 0x00007FFFFDB953AC
Exception at PC 0x00007FFFFDB953AC
[0]  [0x00007FFF19DEBB93]
[1]  [0x00007FFF19DEBB93]
[2]  [0x00007FFF19DEB4A1]
[3]  [0x00007FFF19DEB459]
[4]  [0x00007FFF19DD19FE]
[5]  [0x00007FFF19DD0ED1]
[6]  [0x00007FFF19DD0D76]
[7]  [0x00007FFF19D779F6]
[8]  [0x00007FFF19D67AFB]
[9]  [0x00007FFF19E8E90A]
[10]  [0x00007FFF19EA9F87]
[11]  [0x00007FFF19EAA05F]
[12] (BaseThreadInitThunk+0x1d) [0x00007FFFFF12257D]
[13] (RtlUserThreadStart+0x28) [0x00007FF80080AA48]
Done
Exception at PC 0x00007FFFFDB953AC
Exception at PC 0x00007FFFFDB953AC
Exception at PC 0x00007FFFFDB953AC
Exception at PC 0x00007FFFFDB953AC
Exception at PC 0x00007FFFFDB953AC
Exception at PC 0x00007FFFFDB953AC
Exception at PC 0x00007FFFFDB953AC
Exception at PC 0x00007FFFFDB953AC
Exception at PC 0x00007FFFFDB953AC
Exception at PC 0x00007FFFFDB953AC
Exception at PC 0x00007FFFFDB953AC
Exception at PC 0x00007FFFFDB953AC
Exception at PC 0x00007FFFFDB953AC
Exception at PC 0x00007FFF19AF1A52
Attemped to write at address 0x00007FFFB33A9BA4
Printing stacktrace...

[0]  [0x00007FFF19AF1A52]
[1]  [0x00007FFF19AF1A52]
[2]  [0x00007FFF19AF1AD4]
[3]  [0x00007FFF19C33FF7]
[4]  [0x00007FFF19B19128]
[5]  [0x00007FFF19DCDFB9]
[6]  [0x00007FFF19F9EF23]
[7]  [0x00007FFF19EAB06B]
[8]  [0x00007FFF19EA08AF]
[9]  [0x00007FFF19EA0A32]
[10] (RtlActivateActivationContextUnsafeFast+0x12f) [0x00007FF8007D869F]
[11] (LdrShutdownProcess+0x176) [0x00007FF8008010A6]
[12] (RtlExitUserProcess+0xad) [0x00007FF800800C9D]
[13] (ExitProcess+0xb) [0x00007FFFFF127FAB]
[14] (exit+0x8d) [0x00007FF80013D7BD]
[15] (initterm_e+0x25b) [0x00007FF80013DE3B]
[16]  [0x00000000004014CD]
[17]  [0x000000000040151B]
[18] (BaseThreadInitThunk+0x1d) [0x00007FFFFF12257D]
[19] (RtlUserThreadStart+0x28) [0x00007FF80080AA48]
Done
